#
# There is insufficient memory for the Java Runtime Environment to continue.
# Native memory allocation (malloc) failed to allocate 59280 bytes for Chunk::new
# Possible reasons:
#   The system is out of physical RAM or swap space
#   In 32 bit mode, the process size limit was hit
# Possible solutions:
#   Reduce memory load on the system
#   Increase physical memory or swap space
#   Check if swap backing store is full
#   Use 64 bit Java on a 64 bit OS
#   Decrease Java heap size (-Xmx/-Xms)
#   Decrease number of Java threads
#   Decrease Java thread stack sizes (-Xss)
#   Set larger code cache with -XX:ReservedCodeCacheSize=
# This output file may be truncated or incomplete.
#
#  Out of Memory Error (allocation.cpp:390), pid=17512, tid=0x0000000000002d68
#
# JRE version: Java(TM) SE Runtime Environment (8.0_111-b14) (build 1.8.0_111-b14)
# Java VM: Java HotSpot(TM) 64-Bit Server VM (25.111-b14 mixed mode windows-amd64 compressed oops)
# Failed to write core dump. Minidumps are not enabled by default on client versions of Windows
#

---------------  T H R E A D  ---------------

Current thread (0x00000000196c9000):  JavaThread "C2 CompilerThread0" daemon [_thread_in_native, id=11624, stack(0x0000000019ea0000,0x0000000019fa0000)]

Stack: [0x0000000019ea0000,0x0000000019fa0000]
[error occurred during error reporting (printing stack bounds), id 0xc0000005]

Native frames: (J=compiled Java code, j=interpreted, Vv=VM code, C=native code)


Current CompileTask:
C2: 624475 2404       4       java.util.Calendar$Builder::build (635 bytes)


---------------  P R O C E S S  ---------------

Java Threads: ( => current thread )
  0x00000000026ae000 JavaThread "DestroyJavaVM" [_thread_blocked, id=13916, stack(0x0000000002550000,0x0000000002650000)]
  0x000000001a6ee800 JavaThread "AWT-EventQueue-0" [_thread_in_native, id=13992, stack(0x000000001ba00000,0x000000001bb00000)]
  0x000000001a697800 JavaThread "AWT-Windows" daemon [_thread_in_native, id=7060, stack(0x000000001afe0000,0x000000001b0e0000)]
  0x000000001a697000 JavaThread "AWT-Shutdown" [_thread_blocked, id=5788, stack(0x000000001aee0000,0x000000001afe0000)]
  0x000000001a696000 JavaThread "Java2D Disposer" daemon [_thread_blocked, id=12960, stack(0x000000001ade0000,0x000000001aee0000)]
  0x000000001975f800 JavaThread "Service Thread" daemon [_thread_blocked, id=5212, stack(0x000000001a2a0000,0x000000001a3a0000)]
  0x00000000196d6800 JavaThread "C1 CompilerThread3" daemon [_thread_blocked, id=6992, stack(0x000000001a1a0000,0x000000001a2a0000)]
  0x00000000196ce800 JavaThread "C2 CompilerThread2" daemon [_thread_blocked, id=14340, stack(0x000000001a0a0000,0x000000001a1a0000)]
  0x00000000196cc000 JavaThread "C2 CompilerThread1" daemon [_thread_blocked, id=7036, stack(0x0000000019fa0000,0x000000001a0a0000)]
=>0x00000000196c9000 JavaThread "C2 CompilerThread0" daemon [_thread_in_native, id=11624, stack(0x0000000019ea0000,0x0000000019fa0000)]
  0x00000000196c8000 JavaThread "Attach Listener" daemon [_thread_blocked, id=4624, stack(0x0000000019da0000,0x0000000019ea0000)]
  0x00000000196c7000 JavaThread "Signal Dispatcher" daemon [_thread_blocked, id=13188, stack(0x0000000019ca0000,0x0000000019da0000)]
  0x0000000002849000 JavaThread "Finalizer" daemon [_thread_blocked, id=15932, stack(0x0000000019aa0000,0x0000000019ba0000)]
  0x0000000002848000 JavaThread "Reference Handler" daemon [_thread_blocked, id=8120, stack(0x00000000195a0000,0x00000000196a0000)]

Other Threads:
  0x00000000177b8000 VMThread [stack: 0x00000000194a0000,0x00000000195a0000] [id=17100]
  0x0000000019795000 WatcherThread [stack: 0x000000001a3a0000,0x000000001a4a0000] [id=8676]

VM state:not at safepoint (normal execution)

VM Mutex/Monitor currently owned by a thread: None

Heap:
 PSYoungGen      total 53760K, used 27656K [0x00000000d5f80000, 0x00000000dc380000, 0x0000000100000000)
  eden space 6144K, 7% used [0x00000000d5f80000,0x00000000d5ffa320,0x00000000d6580000)
  from space 47616K, 57% used [0x00000000d9500000,0x00000000daf88020,0x00000000dc380000)
  to   space 48128K, 0% used [0x00000000d6580000,0x00000000d6580000,0x00000000d9480000)
 ParOldGen       total 296960K, used 268798K [0x0000000081e00000, 0x0000000094000000, 0x00000000d5f80000)
  object space 296960K, 90% used [0x0000000081e00000,0x000000009247faf0,0x0000000094000000)
 Metaspace       used 12203K, capacity 12420K, committed 12544K, reserved 1060864K
  class space    used 1420K, capacity 1510K, committed 1536K, reserved 1048576K

Card table byte_map: [0x0000000011c10000,0x0000000012010000] byte_map_base: 0x0000000011801000

Marking Bits: (ParMarkBitMap*) 0x000000007683a6c0
 Begin Bits: [0x0000000012ac0000, 0x0000000014a48000)
 End Bits:   [0x0000000014a48000, 0x00000000169d0000)

Polling page: 0x00000000007c0000

CodeCache: size=245760Kb used=8725Kb max_used=8737Kb free=237034Kb
 bounds [0x0000000002850000, 0x0000000003150000, 0x0000000011850000]
 total_blobs=2514 nmethods=2035 adapters=390
 compilation: enabled

Compilation events (10 events):
Event: 461.591 Thread 0x00000000196c9000 nmethod 2400 0x0000000002976cd0 code [0x0000000002976e20, 0x0000000002976ec8]
Event: 464.167 Thread 0x00000000196cc000 2401       4       sun.awt.EventQueueItem::<init> (10 bytes)
Event: 464.167 Thread 0x00000000196cc000 nmethod 2401 0x0000000002b0a3d0 code [0x0000000002b0a500, 0x0000000002b0a578]
Event: 464.293 Thread 0x00000000196d6800 2402       3       java.awt.EventQueue::postEvent (172 bytes)
Event: 464.296 Thread 0x00000000196d6800 nmethod 2402 0x0000000002b79210 code [0x0000000002b794e0, 0x0000000002b7a758]
Event: 622.156 Thread 0x00000000196cc000 2403       4       java.awt.Component::contains (7 bytes)
Event: 622.158 Thread 0x00000000196cc000 nmethod 2403 0x0000000002bfd290 code [0x0000000002bfd3c0, 0x0000000002bfd438]
Event: 624.360 Thread 0x00000000196c9000 2404       4       java.util.Calendar$Builder::build (635 bytes)
Event: 624.361 Thread 0x00000000196ce800 2405       4       sun.util.logging.PlatformLogger$DefaultLoggerProxy::isLoggable (29 bytes)
Event: 624.364 Thread 0x00000000196ce800 nmethod 2405 0x0000000002bf1ad0 code [0x0000000002bf1c20, 0x0000000002bf1d18]

GC Heap History (10 events):
Event: 451.575 GC heap before
{Heap before GC invocations=54 (full 2):
 PSYoungGen      total 24064K, used 24000K [0x00000000d5f80000, 0x00000000dc900000, 0x0000000100000000)
  eden space 5120K, 100% used [0x00000000d5f80000,0x00000000d6480000,0x00000000d6480000)
  from space 18944K, 99% used [0x00000000d6480000,0x00000000d76f0000,0x00000000d7700000)
  to   space 51200K, 0% used [0x00000000d9700000,0x00000000d9700000,0x00000000dc900000)
 ParOldGen       total 296960K, used 265326K [0x0000000081e00000, 0x0000000094000000, 0x00000000d5f80000)
  object space 296960K, 89% used [0x0000000081e00000,0x000000009211baf0,0x0000000094000000)
 Metaspace       used 12203K, capacity 12420K, committed 12544K, reserved 1060864K
  class space    used 1420K, capacity 1510K, committed 1536K, reserved 1048576K
Event: 451.596 GC heap after
Heap after GC invocations=54 (full 2):
 PSYoungGen      total 53760K, used 20992K [0x00000000d5f80000, 0x00000000dc600000, 0x0000000100000000)
  eden space 5632K, 0% used [0x00000000d5f80000,0x00000000d5f80000,0x00000000d6500000)
  from space 48128K, 43% used [0x00000000d9700000,0x00000000dab80020,0x00000000dc600000)
  to   space 49664K, 0% used [0x00000000d6500000,0x00000000d6500000,0x00000000d9580000)
 ParOldGen       total 296960K, used 265326K [0x0000000081e00000, 0x0000000094000000, 0x00000000d5f80000)
  object space 296960K, 89% used [0x0000000081e00000,0x000000009211baf0,0x0000000094000000)
 Metaspace       used 12203K, capacity 12420K, committed 12544K, reserved 1060864K
  class space    used 1420K, capacity 1510K, committed 1536K, reserved 1048576K
}
Event: 457.026 GC heap before
{Heap before GC invocations=55 (full 2):
 PSYoungGen      total 53760K, used 26624K [0x00000000d5f80000, 0x00000000dc600000, 0x0000000100000000)
  eden space 5632K, 100% used [0x00000000d5f80000,0x00000000d6500000,0x00000000d6500000)
  from space 48128K, 43% used [0x00000000d9700000,0x00000000dab80020,0x00000000dc600000)
  to   space 49664K, 0% used [0x00000000d6500000,0x00000000d6500000,0x00000000d9580000)
 ParOldGen       total 296960K, used 265326K [0x0000000081e00000, 0x0000000094000000, 0x00000000d5f80000)
  object space 296960K, 89% used [0x0000000081e00000,0x000000009211baf0,0x0000000094000000)
 Metaspace       used 12203K, capacity 12420K, committed 12544K, reserved 1060864K
  class space    used 1420K, capacity 1510K, committed 1536K, reserved 1048576K
Event: 457.048 GC heap after
Heap after GC invocations=55 (full 2):
 PSYoungGen      total 28672K, used 22624K [0x00000000d5f80000, 0x00000000dc480000, 0x0000000100000000)
  eden space 5632K, 0% used [0x00000000d5f80000,0x00000000d5f80000,0x00000000d6500000)
  from space 23040K, 98% used [0x00000000d6500000,0x00000000d7b18020,0x00000000d7b80000)
  to   space 48640K, 0% used [0x00000000d9500000,0x00000000d9500000,0x00000000dc480000)
 ParOldGen       total 296960K, used 265982K [0x0000000081e00000, 0x0000000094000000, 0x00000000d5f80000)
  object space 296960K, 89% used [0x0000000081e00000,0x00000000921bfaf0,0x0000000094000000)
 Metaspace       used 12203K, capacity 12420K, committed 12544K, reserved 1060864K
  class space    used 1420K, capacity 1510K, committed 1536K, reserved 1048576K
}
Event: 463.244 GC heap before
{Heap before GC invocations=56 (full 2):
 PSYoungGen      total 28672K, used 28256K [0x00000000d5f80000, 0x00000000dc480000, 0x0000000100000000)
  eden space 5632K, 100% used [0x00000000d5f80000,0x00000000d6500000,0x00000000d6500000)
  from space 23040K, 98% used [0x00000000d6500000,0x00000000d7b18020,0x00000000d7b80000)
  to   space 48640K, 0% used [0x00000000d9500000,0x00000000d9500000,0x00000000dc480000)
 ParOldGen       total 296960K, used 265982K [0x0000000081e00000, 0x0000000094000000, 0x00000000d5f80000)
  object space 296960K, 89% used [0x0000000081e00000,0x00000000921bfaf0,0x0000000094000000)
 Metaspace       used 12203K, capacity 12420K, committed 12544K, reserved 1060864K
  class space    used 1420K, capacity 1510K, committed 1536K, reserved 1048576K
Event: 463.270 GC heap after
Heap after GC invocations=56 (full 2):
 PSYoungGen      total 53760K, used 24128K [0x00000000d5f80000, 0x00000000dc380000, 0x0000000100000000)
  eden space 6144K, 0% used [0x00000000d5f80000,0x00000000d5f80000,0x00000000d6580000)
  from space 47616K, 50% used [0x00000000d9500000,0x00000000dac90020,0x00000000dc380000)
  to   space 48128K, 0% used [0x00000000d6580000,0x00000000d6580000,0x00000000d9480000)
 ParOldGen       total 296960K, used 266854K [0x0000000081e00000, 0x0000000094000000, 0x00000000d5f80000)
  object space 296960K, 89% used [0x0000000081e00000,0x0000000092299af0,0x0000000094000000)
 Metaspace       used 12203K, capacity 12420K, committed 12544K, reserved 1060864K
  class space    used 1420K, capacity 1510K, committed 1536K, reserved 1048576K
}
Event: 619.186 GC heap before
{Heap before GC invocations=57 (full 2):
 PSYoungGen      total 53760K, used 30272K [0x00000000d5f80000, 0x00000000dc380000, 0x0000000100000000)
  eden space 6144K, 100% used [0x00000000d5f80000,0x00000000d6580000,0x00000000d6580000)
  from space 47616K, 50% used [0x00000000d9500000,0x00000000dac90020,0x00000000dc380000)
  to   space 48128K, 0% used [0x00000000d6580000,0x00000000d6580000,0x00000000d9480000)
 ParOldGen       total 296960K, used 266854K [0x0000000081e00000, 0x0000000094000000, 0x00000000d5f80000)
  object space 296960K, 89% used [0x0000000081e00000,0x0000000092299af0,0x0000000094000000)
 Metaspace       used 12203K, capacity 12420K, committed 12544K, reserved 1060864K
  class space    used 1420K, capacity 1510K, committed 1536K, reserved 1048576K
Event: 619.202 GC heap after
Heap after GC invocations=57 (full 2):
 PSYoungGen      total 54272K, used 25792K [0x00000000d5f80000, 0x00000000dc380000, 0x0000000100000000)
  eden space 6144K, 0% used [0x00000000d5f80000,0x00000000d5f80000,0x00000000d6580000)
  from space 48128K, 53% used [0x00000000d6580000,0x00000000d7eb0020,0x00000000d9480000)
  to   space 47616K, 0% used [0x00000000d9500000,0x00000000d9500000,0x00000000dc380000)
 ParOldGen       total 296960K, used 267742K [0x0000000081e00000, 0x0000000094000000, 0x00000000d5f80000)
  object space 296960K, 90% used [0x0000000081e00000,0x0000000092377af0,0x0000000094000000)
 Metaspace       used 12203K, capacity 12420K, committed 12544K, reserved 1060864K
  class space    used 1420K, capacity 1510K, committed 1536K, reserved 1048576K
}
Event: 624.045 GC heap before
{Heap before GC invocations=58 (full 2):
 PSYoungGen      total 54272K, used 31936K [0x00000000d5f80000, 0x00000000dc380000, 0x0000000100000000)
  eden space 6144K, 100% used [0x00000000d5f80000,0x00000000d6580000,0x00000000d6580000)
  from space 48128K, 53% used [0x00000000d6580000,0x00000000d7eb0020,0x00000000d9480000)
  to   space 47616K, 0% used [0x00000000d9500000,0x00000000d9500000,0x00000000dc380000)
 ParOldGen       total 296960K, used 267742K [0x0000000081e00000, 0x0000000094000000, 0x00000000d5f80000)
  object space 296960K, 90% used [0x0000000081e00000,0x0000000092377af0,0x0000000094000000)
 Metaspace       used 12203K, capacity 12420K, committed 12544K, reserved 1060864K
  class space    used 1420K, capacity 1510K, committed 1536K, reserved 1048576K
Event: 624.062 GC heap after
Heap after GC invocations=58 (full 2):
 PSYoungGen      total 53760K, used 27168K [0x00000000d5f80000, 0x00000000dc380000, 0x0000000100000000)
  eden space 6144K, 0% used [0x00000000d5f80000,0x00000000d5f80000,0x00000000d6580000)
  from space 47616K, 57% used [0x00000000d9500000,0x00000000daf88020,0x00000000dc380000)
  to   space 48128K, 0% used [0x00000000d6580000,0x00000000d6580000,0x00000000d9480000)
 ParOldGen       total 296960K, used 268798K [0x0000000081e00000, 0x0000000094000000, 0x00000000d5f80000)
  object space 296960K, 90% used [0x0000000081e00000,0x000000009247faf0,0x0000000094000000)
 Metaspace       used 12203K, capacity 12420K, committed 12544K, reserved 1060864K
  class space    used 1420K, capacity 1510K, committed 1536K, reserved 1048576K
}

Deoptimization events (10 events):
Event: 204.626 Thread 0x000000001a6ee800 Uncommon trap: reason=class_check action=maybe_recompile pc=0x0000000002ad0334 method=java.awt.EventQueue.coalesceEvent(Ljava/awt/AWTEvent;I)Z @ 32
Event: 204.626 Thread 0x000000001a6ee800 Uncommon trap: reason=class_check action=maybe_recompile pc=0x0000000002b1b2fc method=java.awt.EventQueue.coalesceEvent(Ljava/awt/AWTEvent;I)Z @ 32
Event: 204.833 Thread 0x000000001a6ee800 Uncommon trap: reason=class_check action=maybe_recompile pc=0x0000000002ad0334 method=java.awt.EventQueue.coalesceEvent(Ljava/awt/AWTEvent;I)Z @ 32
Event: 206.474 Thread 0x000000001a6ee800 Uncommon trap: reason=class_check action=maybe_recompile pc=0x0000000002b1071c method=sun.awt.GlobalCursorManager._updateCursor(Z)V @ 47
Event: 206.476 Thread 0x000000001a6ee800 Uncommon trap: reason=class_check action=maybe_recompile pc=0x0000000002ad0334 method=java.awt.EventQueue.coalesceEvent(Ljava/awt/AWTEvent;I)Z @ 32
Event: 206.476 Thread 0x000000001a6ee800 Uncommon trap: reason=class_check action=maybe_recompile pc=0x0000000002b1b2fc method=java.awt.EventQueue.coalesceEvent(Ljava/awt/AWTEvent;I)Z @ 32
Event: 436.037 Thread 0x000000001a6ee800 Uncommon trap: reason=class_check action=maybe_recompile pc=0x0000000003043738 method=java.util.Hashtable.put(Ljava/lang/Object;Ljava/lang/Object;)Ljava/lang/Object; @ 60
Event: 462.671 Thread 0x000000001a697800 Uncommon trap: reason=unstable_if action=reinterpret pc=0x0000000002ca3da8 method=javax.swing.RepaintManager.nativeAddDirtyRegion(Lsun/awt/AppContext;Ljava/awt/Container;IIII)V @ 32
Event: 462.671 Thread 0x000000001a697800 Uncommon trap: reason=unstable_if action=reinterpret pc=0x0000000002b5120c method=java.util.IdentityHashMap.put(Ljava/lang/Object;Ljava/lang/Object;)Ljava/lang/Object; @ 38
Event: 462.671 Thread 0x000000001a6ee800 Uncommon trap: reason=unstable_if action=reinterpret pc=0x0000000002ad9510 method=java.awt.EventQueue.coalescePaintEvent(Ljava/awt/event/PaintEvent;)Z @ 55

Internal exceptions (10 events):
Event: 0.354 Thread 0x00000000026ae000 Exception <a 'java/lang/ClassNotFoundException': ToggleButton> (0x00000000d639f778) thrown at [C:\re\workspace\8-2-build-windows-amd64-cygwin\jdk8u111\7883\hotspot\src\share\vm\classfile\systemDictionary.cpp, line 210]
Event: 0.354 Thread 0x00000000026ae000 Exception <a 'java/lang/ClassNotFoundException': javax/swing/JToolBarSeparator> (0x00000000d639fbd8) thrown at [C:\re\workspace\8-2-build-windows-amd64-cygwin\jdk8u111\7883\hotspot\src\share\vm\classfile\systemDictionary.cpp, line 210]
Event: 0.354 Thread 0x00000000026ae000 Exception <a 'java/lang/ClassNotFoundException': ToolBarSeparator> (0x00000000d63a0070) thrown at [C:\re\workspace\8-2-build-windows-amd64-cygwin\jdk8u111\7883\hotspot\src\share\vm\classfile\systemDictionary.cpp, line 210]
Event: 0.354 Thread 0x00000000026ae000 Exception <a 'java/lang/ClassNotFoundException': ToolTip> (0x00000000d63a07b0) thrown at [C:\re\workspace\8-2-build-windows-amd64-cygwin\jdk8u111\7883\hotspot\src\share\vm\classfile\systemDictionary.cpp, line 210]
Event: 0.356 Thread 0x00000000026ae000 Exception <a 'java/lang/ClassNotFoundException': Tree> (0x00000000d63a13d0) thrown at [C:\re\workspace\8-2-build-windows-amd64-cygwin\jdk8u111\7883\hotspot\src\share\vm\classfile\systemDictionary.cpp, line 210]
Event: 0.356 Thread 0x00000000026ae000 Exception <a 'java/lang/ClassNotFoundException': Tree> (0x00000000d63a1b10) thrown at [C:\re\workspace\8-2-build-windows-amd64-cygwin\jdk8u111\7883\hotspot\src\share\vm\classfile\systemDictionary.cpp, line 210]
Event: 0.356 Thread 0x00000000026ae000 Exception <a 'java/lang/ClassNotFoundException': javax/swing/JTreeCell> (0x00000000d63a1e90) thrown at [C:\re\workspace\8-2-build-windows-amd64-cygwin\jdk8u111\7883\hotspot\src\share\vm\classfile\systemDictionary.cpp, line 210]
Event: 0.356 Thread 0x00000000026ae000 Exception <a 'java/lang/ClassNotFoundException': TreeCell> (0x00000000d63a2318) thrown at [C:\re\workspace\8-2-build-windows-amd64-cygwin\jdk8u111\7883\hotspot\src\share\vm\classfile\systemDictionary.cpp, line 210]
Event: 0.357 Thread 0x00000000026ae000 Exception <a 'java/lang/ClassNotFoundException': RootPane> (0x00000000d63a2d78) thrown at [C:\re\workspace\8-2-build-windows-amd64-cygwin\jdk8u111\7883\hotspot\src\share\vm\classfile\systemDictionary.cpp, line 210]
Event: 1.205 Thread 0x000000001a6ee800 Implicit null exception at 0x0000000002c179f3 to 0x0000000002c18345

Events (10 events):
Event: 462.671 Thread 0x000000001a6ee800 Uncommon trap: trap_request=0xffffff65 fr.pc=0x0000000002ad9510
Event: 462.671 Thread 0x000000001a6ee800 DEOPT PACKING pc=0x0000000002ad9510 sp=0x000000001bafdd80
Event: 462.671 Thread 0x000000001a6ee800 DEOPT UNPACKING pc=0x000000000289582a sp=0x000000001bafdc40 mode 2
Event: 463.244 Executing VM operation: ParallelGCFailedAllocation
Event: 463.270 Executing VM operation: ParallelGCFailedAllocation done
Event: 619.186 Executing VM operation: ParallelGCFailedAllocation
Event: 619.203 Executing VM operation: ParallelGCFailedAllocation done
Event: 622.158 Thread 0x00000000196cc000 flushing nmethod 0x0000000002ae54d0
Event: 624.044 Executing VM operation: ParallelGCFailedAllocation
Event: 624.062 Executing VM operation: ParallelGCFailedAllocation done


Dynamic libraries:
0x00007ff6e6950000 - 0x00007ff6e6987000 	C:\Program Files\Java\jdk1.8.0_111\bin\java.exe
0x00007ffa20020000 - 0x00007ffa20210000 	C:\WINDOWS\SYSTEM32\ntdll.dll
0x00007ffa1f300000 - 0x00007ffa1f3b2000 	C:\WINDOWS\System32\KERNEL32.DLL
0x00007ffa1d3f0000 - 0x00007ffa1d693000 	C:\WINDOWS\System32\KERNELBASE.dll
0x00007ffa1e4a0000 - 0x00007ffa1e543000 	C:\WINDOWS\System32\ADVAPI32.dll
0x00007ffa1ea30000 - 0x00007ffa1eace000 	C:\WINDOWS\System32\msvcrt.dll
0x00007ffa1fa40000 - 0x00007ffa1fad7000 	C:\WINDOWS\System32\sechost.dll
0x00007ffa1e550000 - 0x00007ffa1e670000 	C:\WINDOWS\System32\RPCRT4.dll
0x00007ffa1fb60000 - 0x00007ffa1fcf4000 	C:\WINDOWS\System32\USER32.dll
0x00007ffa1d1a0000 - 0x00007ffa1d1c1000 	C:\WINDOWS\System32\win32u.dll
0x00007ffa1e0d0000 - 0x00007ffa1e0f6000 	C:\WINDOWS\System32\GDI32.dll
0x00007ffa1d200000 - 0x00007ffa1d394000 	C:\WINDOWS\System32\gdi32full.dll
0x00007ffa1e030000 - 0x00007ffa1e0ce000 	C:\WINDOWS\System32\msvcp_win.dll
0x00007ffa1d6a0000 - 0x00007ffa1d79a000 	C:\WINDOWS\System32\ucrtbase.dll
0x00007ffa06c10000 - 0x00007ffa06e95000 	C:\WINDOWS\WinSxS\amd64_microsoft.windows.common-controls_6595b64144ccf1df_6.0.18362.720_none_e6beb5c51314836b\COMCTL32.dll
0x00007ffa1e6f0000 - 0x00007ffa1ea26000 	C:\WINDOWS\System32\combase.dll
0x00007ffa1d120000 - 0x00007ffa1d1a0000 	C:\WINDOWS\System32\bcryptPrimitives.dll
0x00007ffa1fd00000 - 0x00007ffa1fd2e000 	C:\WINDOWS\System32\IMM32.DLL
0x0000000075f40000 - 0x0000000076012000 	C:\Program Files\Java\jdk1.8.0_111\jre\bin\msvcr100.dll
0x0000000076020000 - 0x00000000768ba000 	C:\Program Files\Java\jdk1.8.0_111\jre\bin\server\jvm.dll
0x00007ffa1f440000 - 0x00007ffa1f448000 	C:\WINDOWS\System32\PSAPI.DLL
0x00007ffa17c90000 - 0x00007ffa17c99000 	C:\WINDOWS\SYSTEM32\WSOCK32.dll
0x00007ffa1a420000 - 0x00007ffa1a444000 	C:\WINDOWS\SYSTEM32\WINMM.dll
0x00007ffa11af0000 - 0x00007ffa11afa000 	C:\WINDOWS\SYSTEM32\VERSION.dll
0x00007ffa1eba0000 - 0x00007ffa1ec0f000 	C:\WINDOWS\System32\WS2_32.dll
0x00007ffa1a3f0000 - 0x00007ffa1a41d000 	C:\WINDOWS\SYSTEM32\winmmbase.dll
0x00007ffa1d3a0000 - 0x00007ffa1d3ea000 	C:\WINDOWS\System32\cfgmgr32.dll
0x0000000075f30000 - 0x0000000075f3f000 	C:\Program Files\Java\jdk1.8.0_111\jre\bin\verify.dll
0x0000000075f00000 - 0x0000000075f29000 	C:\Program Files\Java\jdk1.8.0_111\jre\bin\java.dll
0x0000000075ee0000 - 0x0000000075ef6000 	C:\Program Files\Java\jdk1.8.0_111\jre\bin\zip.dll
0x00007ffa1ec10000 - 0x00007ffa1f2f5000 	C:\WINDOWS\System32\SHELL32.dll
0x00007ffa1ff30000 - 0x00007ffa1ffd9000 	C:\WINDOWS\System32\shcore.dll
0x00007ffa1d850000 - 0x00007ffa1dfd0000 	C:\WINDOWS\System32\windows.storage.dll
0x00007ffa1cf30000 - 0x00007ffa1cf53000 	C:\WINDOWS\System32\profapi.dll
0x00007ffa1cf60000 - 0x00007ffa1cfaa000 	C:\WINDOWS\System32\powrprof.dll
0x00007ffa1cee0000 - 0x00007ffa1cef0000 	C:\WINDOWS\System32\UMPDC.dll
0x00007ffa1e370000 - 0x00007ffa1e3c2000 	C:\WINDOWS\System32\shlwapi.dll
0x00007ffa1cf10000 - 0x00007ffa1cf21000 	C:\WINDOWS\System32\kernel.appcore.dll
0x00007ffa1cfb0000 - 0x00007ffa1cfc7000 	C:\WINDOWS\System32\cryptsp.dll
0x0000000075d00000 - 0x0000000075e98000 	C:\Program Files\Java\jdk1.8.0_111\jre\bin\awt.dll
0x00007ffa1e3d0000 - 0x00007ffa1e494000 	C:\WINDOWS\System32\OLEAUT32.dll
0x00007ffa1ab70000 - 0x00007ffa1abff000 	C:\WINDOWS\SYSTEM32\apphelp.dll
0x00007ffa1b010000 - 0x00007ffa1b0a9000 	C:\WINDOWS\system32\uxtheme.dll
0x00007ffa1fd90000 - 0x00007ffa1fec6000 	C:\WINDOWS\System32\MSCTF.dll
0x00007ffa1f8e0000 - 0x00007ffa1fa37000 	C:\WINDOWS\System32\ole32.dll
0x00007ffa1b0e0000 - 0x00007ffa1b10d000 	C:\WINDOWS\system32\DWMAPI.DLL
0x0000000075cb0000 - 0x0000000075cf7000 	C:\Program Files\Java\jdk1.8.0_111\jre\bin\fontmanager.dll
0x0000000075ec0000 - 0x0000000075eda000 	C:\Program Files\Java\jdk1.8.0_111\jre\bin\net.dll
0x00007ffa1c6f0000 - 0x00007ffa1c757000 	C:\WINDOWS\system32\mswsock.dll
0x0000000075ea0000 - 0x0000000075eb1000 	C:\Program Files\Java\jdk1.8.0_111\jre\bin\nio.dll
0x0000000075c60000 - 0x0000000075ca2000 	C:\Program Files\Java\jdk1.8.0_111\jre\bin\t2k.dll
0x00007ffa0c680000 - 0x00007ffa0c71e000 	C:\WINDOWS\System32\TextInputFramework.dll
0x00007ffa1a520000 - 0x00007ffa1a5f4000 	C:\WINDOWS\System32\CoreMessaging.dll
0x00007ffa172d0000 - 0x00007ffa175fa000 	C:\WINDOWS\System32\CoreUIComponents.dll
0x00007ffa1bf10000 - 0x00007ffa1bf41000 	C:\WINDOWS\SYSTEM32\ntmarta.dll
0x00007ffa18b10000 - 0x00007ffa18c63000 	C:\WINDOWS\SYSTEM32\wintypes.dll

VM Arguments:
jvm_args: -Dfile.encoding=UTF-8 
java_command: BAUST_COURSE_MANAGEMENT
java_class_path (initial): F:\Study\4th semester (L-2,T-2)\Object Oriented Programming - 2 Sessional\mysql-connector-java-5.1.48\mysql-connector-java-5.1.48\mysql-connector-java-5.1.48.jar;F:\Study\4th semester (L-2,T-2)\Projects\mysql-connector-java-5.1.48\mysql-connector-java-5.1.48-bin.jar;E:\Software\work files\jcalendar-1.4\lib\jcalendar-1.4.jar;F:\Study\4th semester (L-2,T-2)\Object Oriented Programming - 2 Sessional\mysql-connector-java-5.1.48\mysql-connector-java-5.1.48\jdatepicker-1.3.4.jar;F:\Study\4th semester (L-2,T-2)\Projects\Baust\Project final\BAUSTCOURSEMANAGEMENT\build\classes
Launcher Type: SUN_STANDARD

Environment Variables:
JAVA_HOME=C:\Program Files\Java\jdk-12
PATH=C:\Program Files (x86)\Common Files\Oracle\Java\javapath;C:\ProgramData\Oracle\Java\javapath;C:\WINDOWS\system32;C:\WINDOWS;C:\WINDOWS\System32\Wbem;C:\WINDOWS\System32\WindowsPowerShell\v1.0\;C:\WINDOWS\System32\OpenSSH\;C:\Program Files\Intel\WiFi\bin\;C:\Program Files\Common Files\Intel\WirelessCommon\;C:\TDM-GCC-64\bin;C:\Program Files\Java\jdk-12\bin;C:\Program Files\Java\jdk1.8.0_111\bin;C:\Program Files (x86)\CodeBlocks\MinGW\bin;C:\Program Files\MATLAB\R2014a\runtime\win64;C:\Program Files\MATLAB\R2014a\bin;C:\Program Files\MATLAB\R2014a\polyspace\bin;C:\Users\MAHFUZ TASNIM\AppData\Local\Microsoft\WindowsApps;C:\Users\MAHFUZ TASNIM\AppData\Local\atom\bin
USERNAME=MAHFUZ TASNIM
OS=Windows_NT
PROCESSOR_IDENTIFIER=Intel64 Family 6 Model 142 Stepping 10, GenuineIntel



---------------  S Y S T E M  ---------------

OS: Windows 10.0 , 64 bit Build 18362 (10.0.18362.329)

CPU:total 8 (4 cores per cpu, 2 threads per core) family 6 model 142 stepping 10, cmov, cx8, fxsr, mmx, sse, sse2, sse3, ssse3, sse4.1, sse4.2, popcnt, avx, avx2, aes, clmul, erms, 3dnowpref, lzcnt, ht, tsc, tscinvbit, bmi1, bmi2, adx

Memory: 4k page, physical 8264828k(2769952k free), swap 29512828k(132k free)

vm_info: Java HotSpot(TM) 64-Bit Server VM (25.111-b14) for windows-amd64 JRE (1.8.0_111-b14), built on Sep 22 2016 19:24:05 by "java_re" with MS VC++ 10.0 (VS2010)

time: Wed Mar 25 14:44:38 2020
elapsed time: 624 seconds (0d 0h 10m 24s)

